Analysis & Synthesis report for pseudo_mux_fsm
Fri Oct 14 19:27:24 2022
Quartus Prime Version 20.1.0 Build 711 06/05/2020 SJ Lite Edition


---------------------
; Table of Contents ;
---------------------
  1. Legal Notice
  2. Analysis & Synthesis Summary
  3. Analysis & Synthesis Settings
  4. Parallel Compilation
  5. Analysis & Synthesis Source Files Read
  6. Analysis & Synthesis Resource Usage Summary
  7. Analysis & Synthesis Resource Utilization by Entity
  8. State Machine - |pseudo_mux_fsm|state
  9. User-Specified and Inferred Latches
 10. General Register Statistics
 11. Post-Synthesis Netlist Statistics for Top Partition
 12. Elapsed Time Per Partition
 13. Analysis & Synthesis Messages



----------------
; Legal Notice ;
----------------
Copyright (C) 2020  Intel Corporation. All rights reserved.
Your use of Intel Corporation's design tools, logic functions 
and other software and tools, and any partner logic 
functions, and any output files from any of the foregoing 
(including device programming or simulation files), and any 
associated documentation or information are expressly subject 
to the terms and conditions of the Intel Program License 
Subscription Agreement, the Intel Quartus Prime License Agreement,
the Intel FPGA IP License Agreement, or other applicable license
agreement, including, without limitation, that your use is for
the sole purpose of programming logic devices manufactured by
Intel and sold by Intel or its authorized distributors.  Please
refer to the applicable agreement for further details, at
https://fpgasoftware.intel.com/eula.



+----------------------------------------------------------------------------------+
; Analysis & Synthesis Summary                                                     ;
+------------------------------------+---------------------------------------------+
; Analysis & Synthesis Status        ; Successful - Fri Oct 14 19:27:24 2022       ;
; Quartus Prime Version              ; 20.1.0 Build 711 06/05/2020 SJ Lite Edition ;
; Revision Name                      ; pseudo_mux_fsm                              ;
; Top-level Entity Name              ; pseudo_mux_fsm                              ;
; Family                             ; MAX 10                                      ;
; Total logic elements               ; 18                                          ;
;     Total combinational functions  ; 18                                          ;
;     Dedicated logic registers      ; 4                                           ;
; Total registers                    ; 4                                           ;
; Total pins                         ; 8                                           ;
; Total virtual pins                 ; 0                                           ;
; Total memory bits                  ; 0                                           ;
; Embedded Multiplier 9-bit elements ; 0                                           ;
; Total PLLs                         ; 0                                           ;
; UFM blocks                         ; 0                                           ;
; ADC blocks                         ; 0                                           ;
+------------------------------------+---------------------------------------------+


+------------------------------------------------------------------------------------------------------------+
; Analysis & Synthesis Settings                                                                              ;
+------------------------------------------------------------------+--------------------+--------------------+
; Option                                                           ; Setting            ; Default Value      ;
+------------------------------------------------------------------+--------------------+--------------------+
; Device                                                           ; 10M50DAF484C7G     ;                    ;
; Top-level entity name                                            ; pseudo_mux_fsm     ; pseudo_mux_fsm     ;
; Family name                                                      ; MAX 10             ; Cyclone V          ;
; Use smart compilation                                            ; Off                ; Off                ;
; Enable parallel Assembler and Timing Analyzer during compilation ; On                 ; On                 ;
; Enable compact report table                                      ; Off                ; Off                ;
; Restructure Multiplexers                                         ; Auto               ; Auto               ;
; Create Debugging Nodes for IP Cores                              ; Off                ; Off                ;
; Preserve fewer node names                                        ; On                 ; On                 ;
; Intel FPGA IP Evaluation Mode                                    ; Enable             ; Enable             ;
; Verilog Version                                                  ; Verilog_2001       ; Verilog_2001       ;
; VHDL Version                                                     ; VHDL_1993          ; VHDL_1993          ;
; State Machine Processing                                         ; Auto               ; Auto               ;
; Safe State Machine                                               ; Off                ; Off                ;
; Extract Verilog State Machines                                   ; On                 ; On                 ;
; Extract VHDL State Machines                                      ; On                 ; On                 ;
; Ignore Verilog initial constructs                                ; Off                ; Off                ;
; Iteration limit for constant Verilog loops                       ; 5000               ; 5000               ;
; Iteration limit for non-constant Verilog loops                   ; 250                ; 250                ;
; Add Pass-Through Logic to Inferred RAMs                          ; On                 ; On                 ;
; Infer RAMs from Raw Logic                                        ; On                 ; On                 ;
; Parallel Synthesis                                               ; On                 ; On                 ;
; DSP Block Balancing                                              ; Auto               ; Auto               ;
; NOT Gate Push-Back                                               ; On                 ; On                 ;
; Power-Up Don't Care                                              ; On                 ; On                 ;
; Remove Redundant Logic Cells                                     ; Off                ; Off                ;
; Remove Duplicate Registers                                       ; On                 ; On                 ;
; Ignore CARRY Buffers                                             ; Off                ; Off                ;
; Ignore CASCADE Buffers                                           ; Off                ; Off                ;
; Ignore GLOBAL Buffers                                            ; Off                ; Off                ;
; Ignore ROW GLOBAL Buffers                                        ; Off                ; Off                ;
; Ignore LCELL Buffers                                             ; Off                ; Off                ;
; Ignore SOFT Buffers                                              ; On                 ; On                 ;
; Limit AHDL Integers to 32 Bits                                   ; Off                ; Off                ;
; Optimization Technique                                           ; Balanced           ; Balanced           ;
; Carry Chain Length                                               ; 70                 ; 70                 ;
; Auto Carry Chains                                                ; On                 ; On                 ;
; Auto Open-Drain Pins                                             ; On                 ; On                 ;
; Perform WYSIWYG Primitive Resynthesis                            ; Off                ; Off                ;
; Auto ROM Replacement                                             ; On                 ; On                 ;
; Auto RAM Replacement                                             ; On                 ; On                 ;
; Auto DSP Block Replacement                                       ; On                 ; On                 ;
; Auto Shift Register Replacement                                  ; Auto               ; Auto               ;
; Allow Shift Register Merging across Hierarchies                  ; Auto               ; Auto               ;
; Auto Clock Enable Replacement                                    ; On                 ; On                 ;
; Strict RAM Replacement                                           ; Off                ; Off                ;
; Allow Synchronous Control Signals                                ; On                 ; On                 ;
; Force Use of Synchronous Clear Signals                           ; Off                ; Off                ;
; Auto RAM Block Balancing                                         ; On                 ; On                 ;
; Auto RAM to Logic Cell Conversion                                ; Off                ; Off                ;
; Auto Resource Sharing                                            ; Off                ; Off                ;
; Allow Any RAM Size For Recognition                               ; Off                ; Off                ;
; Allow Any ROM Size For Recognition                               ; Off                ; Off                ;
; Allow Any Shift Register Size For Recognition                    ; Off                ; Off                ;
; Use LogicLock Constraints during Resource Balancing              ; On                 ; On                 ;
; Ignore translate_off and synthesis_off directives                ; Off                ; Off                ;
; Timing-Driven Synthesis                                          ; On                 ; On                 ;
; Report Parameter Settings                                        ; On                 ; On                 ;
; Report Source Assignments                                        ; On                 ; On                 ;
; Report Connectivity Checks                                       ; On                 ; On                 ;
; Ignore Maximum Fan-Out Assignments                               ; Off                ; Off                ;
; Synchronization Register Chain Length                            ; 2                  ; 2                  ;
; Power Optimization During Synthesis                              ; Normal compilation ; Normal compilation ;
; HDL message level                                                ; Level2             ; Level2             ;
; Suppress Register Optimization Related Messages                  ; Off                ; Off                ;
; Number of Removed Registers Reported in Synthesis Report         ; 5000               ; 5000               ;
; Number of Swept Nodes Reported in Synthesis Report               ; 5000               ; 5000               ;
; Number of Inverted Registers Reported in Synthesis Report        ; 100                ; 100                ;
; Clock MUX Protection                                             ; On                 ; On                 ;
; Auto Gated Clock Conversion                                      ; Off                ; Off                ;
; Block Design Naming                                              ; Auto               ; Auto               ;
; SDC constraint protection                                        ; Off                ; Off                ;
; Synthesis Effort                                                 ; Auto               ; Auto               ;
; Shift Register Replacement - Allow Asynchronous Clear Signal     ; On                 ; On                 ;
; Pre-Mapping Resynthesis Optimization                             ; Off                ; Off                ;
; Analysis & Synthesis Message Level                               ; Medium             ; Medium             ;
; Disable Register Merging Across Hierarchies                      ; Auto               ; Auto               ;
; Resource Aware Inference For Block RAM                           ; On                 ; On                 ;
+------------------------------------------------------------------+--------------------+--------------------+


+------------------------------------------+
; Parallel Compilation                     ;
+----------------------------+-------------+
; Processors                 ; Number      ;
+----------------------------+-------------+
; Number detected on machine ; 8           ;
; Maximum allowed            ; 4           ;
;                            ;             ;
; Average used               ; 1.00        ;
; Maximum used               ; 4           ;
;                            ;             ;
; Usage by Processor         ; % Time Used ;
;     Processor 1            ; 100.0%      ;
;     Processor 2            ;   0.0%      ;
;     Processors 3-4         ;   0.0%      ;
+----------------------------+-------------+


+----------------------------------------------------------------------------------------------------------------------------------------+
; Analysis & Synthesis Source Files Read                                                                                                 ;
+----------------------------------+-----------------+-----------------+-------------------------------------------------------+---------+
; File Name with User-Entered Path ; Used in Netlist ; File Type       ; File Name with Absolute Path                          ; Library ;
+----------------------------------+-----------------+-----------------+-------------------------------------------------------+---------+
; pseudo_mux_fsm.vhd               ; yes             ; User VHDL File  ; G:/Meu Drive/Lab SD/Aula 7/quartus/pseudo_mux_fsm.vhd ;         ;
+----------------------------------+-----------------+-----------------+-------------------------------------------------------+---------+


+------------------------------------------------------+
; Analysis & Synthesis Resource Usage Summary          ;
+---------------------------------------------+--------+
; Resource                                    ; Usage  ;
+---------------------------------------------+--------+
; Estimated Total logic elements              ; 18     ;
;                                             ;        ;
; Total combinational functions               ; 18     ;
; Logic element usage by number of LUT inputs ;        ;
;     -- 4 input functions                    ; 6      ;
;     -- 3 input functions                    ; 5      ;
;     -- <=2 input functions                  ; 7      ;
;                                             ;        ;
; Logic elements by mode                      ;        ;
;     -- normal mode                          ; 18     ;
;     -- arithmetic mode                      ; 0      ;
;                                             ;        ;
; Total registers                             ; 4      ;
;     -- Dedicated logic registers            ; 4      ;
;     -- I/O registers                        ; 0      ;
;                                             ;        ;
; I/O pins                                    ; 8      ;
;                                             ;        ;
; Embedded Multiplier 9-bit elements          ; 0      ;
;                                             ;        ;
; Maximum fan-out node                        ; flag_s ;
; Maximum fan-out                             ; 7      ;
; Total fan-out                               ; 70     ;
; Average fan-out                             ; 1.84   ;
+---------------------------------------------+--------+


+---------------------------------------------------------------------------------------------------------------------------------------------------------------------------------------------------------------------------------------+
; Analysis & Synthesis Resource Utilization by Entity                                                                                                                                                                                   ;
+----------------------------+---------------------+---------------------------+-------------+------------+--------------+---------+-----------+------+--------------+------------+---------------------+----------------+--------------+
; Compilation Hierarchy Node ; Combinational ALUTs ; Dedicated Logic Registers ; Memory Bits ; UFM Blocks ; DSP Elements ; DSP 9x9 ; DSP 18x18 ; Pins ; Virtual Pins ; ADC blocks ; Full Hierarchy Name ; Entity Name    ; Library Name ;
+----------------------------+---------------------+---------------------------+-------------+------------+--------------+---------+-----------+------+--------------+------------+---------------------+----------------+--------------+
; |pseudo_mux_fsm            ; 18 (18)             ; 4 (4)                     ; 0           ; 0          ; 0            ; 0       ; 0         ; 8    ; 0            ; 0          ; |pseudo_mux_fsm     ; pseudo_mux_fsm ; work         ;
+----------------------------+---------------------+---------------------------+-------------+------------+--------------+---------+-----------+------+--------------+------------+---------------------+----------------+--------------+
Note: For table entries with two numbers listed, the numbers in parentheses indicate the number of resources of the given type used by the specific entity alone. The numbers listed outside of parentheses indicate the total resources of the given type used by the specific entity and all of its sub-entities in the hierarchy.


Encoding Type:  One-Hot
+-------------------------------------------------------------------------------+
; State Machine - |pseudo_mux_fsm|state                                         ;
+---------------+---------------+---------------+---------------+---------------+
; Name          ; state.STATE_D ; state.STATE_C ; state.STATE_B ; state.STATE_A ;
+---------------+---------------+---------------+---------------+---------------+
; state.STATE_A ; 0             ; 0             ; 0             ; 0             ;
; state.STATE_B ; 0             ; 0             ; 1             ; 1             ;
; state.STATE_C ; 0             ; 1             ; 0             ; 1             ;
; state.STATE_D ; 1             ; 0             ; 0             ; 1             ;
+---------------+---------------+---------------+---------------+---------------+


+---------------------------------------------------------------------------------------------------+
; User-Specified and Inferred Latches                                                               ;
+----------------------------------------------------+---------------------+------------------------+
; Latch Name                                         ; Latch Enable Signal ; Free of Timing Hazards ;
+----------------------------------------------------+---------------------+------------------------+
; nextstate.STATE_D_149                              ; nextstate.STATE_D   ; yes                    ;
; nextstate.STATE_C_169                              ; nextstate.STATE_D   ; yes                    ;
; nextstate.STATE_B_189                              ; nextstate.STATE_D   ; yes                    ;
; nextstate.STATE_A_209                              ; nextstate.STATE_D   ; yes                    ;
; flag_s                                             ; nextstate.STATE_D   ; yes                    ;
; Number of user-specified and inferred latches = 5  ;                     ;                        ;
+----------------------------------------------------+---------------------+------------------------+
Note: All latches listed above may not be present at the end of synthesis due to various synthesis optimizations.


+------------------------------------------------------+
; General Register Statistics                          ;
+----------------------------------------------+-------+
; Statistic                                    ; Value ;
+----------------------------------------------+-------+
; Total registers                              ; 4     ;
; Number of registers using Synchronous Clear  ; 0     ;
; Number of registers using Synchronous Load   ; 0     ;
; Number of registers using Asynchronous Clear ; 0     ;
; Number of registers using Asynchronous Load  ; 0     ;
; Number of registers using Clock Enable       ; 0     ;
; Number of registers using Preset             ; 0     ;
+----------------------------------------------+-------+


+-----------------------------------------------------+
; Post-Synthesis Netlist Statistics for Top Partition ;
+-----------------------+-----------------------------+
; Type                  ; Count                       ;
+-----------------------+-----------------------------+
; boundary_port         ; 8                           ;
; cycloneiii_ff         ; 4                           ;
;     plain             ; 4                           ;
; cycloneiii_lcell_comb ; 18                          ;
;     normal            ; 18                          ;
;         2 data inputs ; 7                           ;
;         3 data inputs ; 5                           ;
;         4 data inputs ; 6                           ;
;                       ;                             ;
; Max LUT depth         ; 2.00                        ;
; Average LUT depth     ; 1.68                        ;
+-----------------------+-----------------------------+


+-------------------------------+
; Elapsed Time Per Partition    ;
+----------------+--------------+
; Partition Name ; Elapsed Time ;
+----------------+--------------+
; Top            ; 00:00:00     ;
+----------------+--------------+


+-------------------------------+
; Analysis & Synthesis Messages ;
+-------------------------------+
Info: *******************************************************************
Info: Running Quartus Prime Analysis & Synthesis
    Info: Version 20.1.0 Build 711 06/05/2020 SJ Lite Edition
    Info: Processing started: Fri Oct 14 19:27:13 2022
Info: Command: quartus_map --read_settings_files=on --write_settings_files=off pseudo_mux_fsm -c pseudo_mux_fsm
Warning (18236): Number of processors has not been specified which may cause overloading on shared machines.  Set the global assignment NUM_PARALLEL_PROCESSORS in your QSF to an appropriate value for best performance.
Info (20030): Parallel compilation is enabled and will use 4 of the 4 processors detected
Info (12021): Found 2 design units, including 1 entities, in source file pseudo_mux_fsm.vhd
    Info (12022): Found design unit 1: pseudo_mux_fsm-arch File: G:/Meu Drive/Lab SD/Aula 7/quartus/pseudo_mux_fsm.vhd Line: 31
    Info (12023): Found entity 1: pseudo_mux_fsm File: G:/Meu Drive/Lab SD/Aula 7/quartus/pseudo_mux_fsm.vhd Line: 21
Info (12021): Found 2 design units, including 1 entities, in source file tb_pseudo_mux_fsm.vhd
    Info (12022): Found design unit 1: tb_pseudo_mux_fsm-teste File: G:/Meu Drive/Lab SD/Aula 7/quartus/tb_pseudo_mux_fsm.vhd Line: 7
    Info (12023): Found entity 1: tb_pseudo_mux_fsm File: G:/Meu Drive/Lab SD/Aula 7/quartus/tb_pseudo_mux_fsm.vhd Line: 4
Info (12127): Elaborating entity "pseudo_mux_fsm" for the top level hierarchy
Warning (10631): VHDL Process Statement warning at pseudo_mux_fsm.vhd(65): inferring latch(es) for signal or variable "nextstate", which holds its previous value in one or more paths through the process File: G:/Meu Drive/Lab SD/Aula 7/quartus/pseudo_mux_fsm.vhd Line: 65
Warning (10631): VHDL Process Statement warning at pseudo_mux_fsm.vhd(65): inferring latch(es) for signal or variable "flag_s", which holds its previous value in one or more paths through the process File: G:/Meu Drive/Lab SD/Aula 7/quartus/pseudo_mux_fsm.vhd Line: 65
Info (10041): Inferred latch for "flag_s" at pseudo_mux_fsm.vhd(65) File: G:/Meu Drive/Lab SD/Aula 7/quartus/pseudo_mux_fsm.vhd Line: 65
Info (10041): Inferred latch for "nextstate.STATE_D" at pseudo_mux_fsm.vhd(65) File: G:/Meu Drive/Lab SD/Aula 7/quartus/pseudo_mux_fsm.vhd Line: 65
Info (10041): Inferred latch for "nextstate.STATE_C" at pseudo_mux_fsm.vhd(65) File: G:/Meu Drive/Lab SD/Aula 7/quartus/pseudo_mux_fsm.vhd Line: 65
Info (10041): Inferred latch for "nextstate.STATE_B" at pseudo_mux_fsm.vhd(65) File: G:/Meu Drive/Lab SD/Aula 7/quartus/pseudo_mux_fsm.vhd Line: 65
Info (10041): Inferred latch for "nextstate.STATE_A" at pseudo_mux_fsm.vhd(65) File: G:/Meu Drive/Lab SD/Aula 7/quartus/pseudo_mux_fsm.vhd Line: 65
Warning (13012): Latch nextstate.STATE_D_149 has unsafe behavior File: G:/Meu Drive/Lab SD/Aula 7/quartus/pseudo_mux_fsm.vhd Line: 65
    Warning (13013): Ports D and ENA on the latch are fed by the same signal flag_s File: G:/Meu Drive/Lab SD/Aula 7/quartus/pseudo_mux_fsm.vhd Line: 34
Warning (13012): Latch nextstate.STATE_C_169 has unsafe behavior File: G:/Meu Drive/Lab SD/Aula 7/quartus/pseudo_mux_fsm.vhd Line: 65
    Warning (13013): Ports D and ENA on the latch are fed by the same signal flag_s File: G:/Meu Drive/Lab SD/Aula 7/quartus/pseudo_mux_fsm.vhd Line: 34
Warning (13012): Latch nextstate.STATE_B_189 has unsafe behavior File: G:/Meu Drive/Lab SD/Aula 7/quartus/pseudo_mux_fsm.vhd Line: 65
    Warning (13013): Ports D and ENA on the latch are fed by the same signal flag_s File: G:/Meu Drive/Lab SD/Aula 7/quartus/pseudo_mux_fsm.vhd Line: 34
Warning (13012): Latch nextstate.STATE_A_209 has unsafe behavior File: G:/Meu Drive/Lab SD/Aula 7/quartus/pseudo_mux_fsm.vhd Line: 65
    Warning (13013): Ports D and ENA on the latch are fed by the same signal flag_s File: G:/Meu Drive/Lab SD/Aula 7/quartus/pseudo_mux_fsm.vhd Line: 34
Warning (13012): Latch flag_s has unsafe behavior File: G:/Meu Drive/Lab SD/Aula 7/quartus/pseudo_mux_fsm.vhd Line: 34
    Warning (13013): Ports D and ENA on the latch are fed by the same signal flag_s File: G:/Meu Drive/Lab SD/Aula 7/quartus/pseudo_mux_fsm.vhd Line: 34
Info (286030): Timing-Driven Synthesis is running
Info (16010): Generating hard_block partition "hard_block:auto_generated_inst"
    Info (16011): Adding 0 node(s), including 0 DDIO, 0 PLL, 0 transceiver and 0 LCELL
Info (21057): Implemented 26 device resources after synthesis - the final resource count might be different
    Info (21058): Implemented 7 input pins
    Info (21059): Implemented 1 output pins
    Info (21061): Implemented 18 logic cells
Info: Quartus Prime Analysis & Synthesis was successful. 0 errors, 13 warnings
    Info: Peak virtual memory: 4798 megabytes
    Info: Processing ended: Fri Oct 14 19:27:24 2022
    Info: Elapsed time: 00:00:11
    Info: Total CPU time (on all processors): 00:00:23


